0 info it worked if it ends with ok
1 verbose cli [ 'C:\\Program Files\\nodejs\\node.exe',
1 verbose cli   'C:\\Program Files\\nodejs\\node_modules\\npm\\bin\\npm-cli.js',
1 verbose cli   'start' ]
2 info using npm@2.15.8
3 info using node@v4.4.7
4 verbose run-script [ 'prestart', 'start', 'poststart' ]
5 info prestart shortly-angular@1.1.0
6 info start shortly-angular@1.1.0
7 verbose unsafe-perm in lifecycle true
8 info shortly-angular@1.1.0 Failed to exec start script
9 verbose stack Error: shortly-angular@1.1.0 start: `gulp`
9 verbose stack spawn cmd ENOENT
9 verbose stack     at exports._errnoException (util.js:873:11)
9 verbose stack     at Process.ChildProcess._handle.onexit (internal/child_process.js:178:32)
9 verbose stack     at onErrorNT (internal/child_process.js:344:16)
9 verbose stack     at nextTickCallbackWith2Args (node.js:442:9)
9 verbose stack     at process._tickCallback (node.js:356:17)
10 verbose pkgid shortly-angular@1.1.0
11 verbose cwd C:\Users\Fujitsu\Desktop\2016-06-rbk-shortly-angular
12 error Windows_NT 6.1.7601
13 error argv "C:\\Program Files\\nodejs\\node.exe" "C:\\Program Files\\nodejs\\node_modules\\npm\\bin\\npm-cli.js" "start"
14 error node v4.4.7
15 error npm  v2.15.8
16 error file cmd
17 error path cmd
18 error code ELIFECYCLE
19 error errno ENOENT
20 error syscall spawn cmd
21 error shortly-angular@1.1.0 start: `gulp`
21 error spawn cmd ENOENT
22 error Failed at the shortly-angular@1.1.0 start script 'gulp'.
22 error This is most likely a problem with the shortly-angular package,
22 error not with npm itself.
22 error Tell the author that this fails on your system:
22 error     gulp
22 error You can get information on how to open an issue for this project with:
22 error     npm bugs shortly-angular
22 error Or if that isn't available, you can get their info via:
22 error
22 error     npm owner ls shortly-angular
22 error There is likely additional logging output above.
23 verbose exit [ 1, true ]
